<?xml version="1.0" encoding="UTF-8"?>
<testsuites>
  <testsuite name="DocumentTest" filepath="/Users/paul/Work/Patmos/src/pact/test/models/document_test.rb" skipped="0" failures="0" errors="0" tests="19" assertions="34" time="23.03960500017274">
    <testcase name="test_Update_Document" lineno="37" classname="DocumentTest" assertions="1" time="3.1137659999076277">
    </testcase>
    <testcase name="test_Undo/Redo_Update_Document" lineno="78" classname="DocumentTest" assertions="7" time="1.0774420000379905">
    </testcase>
    <testcase name="test_Document.name_from_id(id)" lineno="125" classname="DocumentTest" assertions="1" time="0.8667129999957979">
    </testcase>
    <testcase name="test_Delete_Document" lineno="46" classname="DocumentTest" assertions="1" time="1.102530000032857">
    </testcase>
    <testcase name="test_replace_file" lineno="146" classname="DocumentTest" assertions="1" time="1.4237620000494644">
    </testcase>
    <testcase name="test_Create_Document" lineno="18" classname="DocumentTest" assertions="1" time="0.9462519999360666">
    </testcase>
    <testcase name="test_store_file" lineno="141" classname="DocumentTest" assertions="1" time="1.015557000064291">
    </testcase>
    <testcase name="test_Document.docid_from_id(id)" lineno="121" classname="DocumentTest" assertions="1" time="0.8670999999158084">
    </testcase>
    <testcase name="test_get_file_contents" lineno="137" classname="DocumentTest" assertions="1" time="0.9722710000351071">
    </testcase>
    <testcase name="test_Document.get_or_create_folder" lineno="150" classname="DocumentTest" assertions="1" time="0.8681629999773577">
    </testcase>
    <testcase name="test_Document.duplicate_file" lineno="154" classname="DocumentTest" assertions="1" time="0.918699000030756">
    </testcase>
    <testcase name="test_Undo/Redo_Create_Document" lineno="50" classname="DocumentTest" assertions="3" time="0.9520229999907315">
    </testcase>
    <testcase name="test_get_tree" lineno="129" classname="DocumentTest" assertions="1" time="1.0887240000301972">
    </testcase>
    <testcase name="test_Document.replace_document_file" lineno="164" classname="DocumentTest" assertions="1" time="1.5842000000411645">
    </testcase>
    <testcase name="test_Document.id_from_name(id)" lineno="115" classname="DocumentTest" assertions="3" time="1.3994930000044405">
    </testcase>
    <testcase name="test_Undo/Redo_Delete_Document" lineno="96" classname="DocumentTest" assertions="4" time="1.2983830000739545">
    </testcase>
    <testcase name="test_get_file_path" lineno="133" classname="DocumentTest" assertions="1" time="1.2178089999360964">
    </testcase>
    <testcase name="test_Document.id_from_docid(id)" lineno="109" classname="DocumentTest" assertions="3" time="1.0656690000323579">
    </testcase>
    <testcase name="test_Document.add_document" lineno="160" classname="DocumentTest" assertions="1" time="1.2610490000806749">
    </testcase>
  </testsuite>
</testsuites>
